# JRE version: Java(TM) SE Runtime Environment (8.0_341-b10) (build 1.8.0_341-b10)
# Java VM: Java HotSpot(TM) Client VM (25.341-b10 mixed mode windows-x86 )
Heap:
 def new generation   total 19328K, used 8002K [0x04a00000, 0x05ef0000, 0x09f50000)
  eden space 17216K,  45% used [0x04a00000, 0x05197d98, 0x05ad0000)
  from space 2112K,  10% used [0x05ce0000, 0x05d18bc0, 0x05ef0000)
  to   space 2112K,   0% used [0x05ad0000, 0x05ad0000, 0x05ce0000)
 tenured generation   total 42756K, used 25218K [0x09f50000, 0x0c911000, 0x14a00000)
   the space 42756K,  58% used [0x09f50000, 0x0b7f0818, 0x0b7f0a00, 0x0c911000)
 Metaspace       used 22881K, capacity 23809K, committed 24192K, reserved 24960K
GC Heap History (10 events):
Event: 912.771 GC heap before
{Heap before GC invocations=102 (full 13):
 def new generation   total 19328K, used 19327K [0x04a00000, 0x05ef0000, 0x09f50000)
  eden space 17216K, 100% used [0x04a00000, 0x05ad0000, 0x05ad0000)
  from space 2112K,  99% used [0x05ad0000, 0x05cdfe48, 0x05ce0000)
  to   space 2112K,   0% used [0x05ce0000, 0x05ce0000, 0x05ef0000)
 tenured generation   total 42756K, used 22127K [0x09f50000, 0x0c911000, 0x14a00000)
   the space 42756K,  51% used [0x09f50000, 0x0b4ebd00, 0x0b4ebe00, 0x0c911000)
 Metaspace       used 22871K, capacity 23796K, committed 24192K, reserved 24960K
Event: 912.777 GC heap after
Heap after GC invocations=103 (full 13):
 def new generation   total 19328K, used 2112K [0x04a00000, 0x05ef0000, 0x09f50000)
  eden space 17216K,   0% used [0x04a00000, 0x04a00000, 0x05ad0000)
  from space 2112K, 100% used [0x05ce0000, 0x05ef0000, 0x05ef0000)
  to   space 2112K,   0% used [0x05ad0000, 0x05ad0000, 0x05ce0000)
 tenured generation   total 42756K, used 22512K [0x09f50000, 0x0c911000, 0x14a00000)
   the space 42756K,  52% used [0x09f50000, 0x0b54c238, 0x0b54c400, 0x0c911000)
 Metaspace       used 22871K, capacity 23796K, committed 24192K, reserved 24960K
}
Event: 922.332 GC heap before
{Heap before GC invocations=103 (full 13):
 def new generation   total 19328K, used 19328K [0x04a00000, 0x05ef0000, 0x09f50000)
  eden space 17216K, 100% used [0x04a00000, 0x05ad0000, 0x05ad0000)
  from space 2112K, 100% used [0x05ce0000, 0x05ef0000, 0x05ef0000)
  to   space 2112K,   0% used [0x05ad0000, 0x05ad0000, 0x05ce0000)
 tenured generation   total 42756K, used 22512K [0x09f50000, 0x0c911000, 0x14a00000)
   the space 42756K,  52% used [0x09f50000, 0x0b54c238, 0x0b54c400, 0x0c911000)
 Metaspace       used 22871K, capacity 23796K, committed 24192K, reserved 24960K
Event: 922.337 GC heap after
Heap after GC invocations=104 (full 13):
 def new generation   total 19328K, used 126K [0x04a00000, 0x05ef0000, 0x09f50000)
  eden space 17216K,   0% used [0x04a00000, 0x04a00000, 0x05ad0000)
  from space 2112K,   6% used [0x05ad0000, 0x05aefb00, 0x05ce0000)
  to   space 2112K,   0% used [0x05ce0000, 0x05ce0000, 0x05ef0000)
 tenured generation   total 42756K, used 23677K [0x09f50000, 0x0c911000, 0x14a00000)
   the space 42756K,  55% used [0x09f50000, 0x0b66f6b8, 0x0b66f800, 0x0c911000)
 Metaspace       used 22871K, capacity 23796K, committed 24192K, reserved 24960K
}
Event: 929.831 GC heap before
{Heap before GC invocations=104 (full 13):
 def new generation   total 19328K, used 17342K [0x04a00000, 0x05ef0000, 0x09f50000)
  eden space 17216K, 100% used [0x04a00000, 0x05ad0000, 0x05ad0000)
  from space 2112K,   6% used [0x05ad0000, 0x05aefb00, 0x05ce0000)
  to   space 2112K,   0% used [0x05ce0000, 0x05ce0000, 0x05ef0000)
 tenured generation   total 42756K, used 23677K [0x09f50000, 0x0c911000, 0x14a00000)
   the space 42756K,  55% used [0x09f50000, 0x0b66f6b8, 0x0b66f800, 0x0c911000)
 Metaspace       used 22881K, capacity 23809K, committed 24192K, reserved 24960K
Event: 929.835 GC heap after
Heap after GC invocations=105 (full 13):
 def new generation   total 19328K, used 1581K [0x04a00000, 0x05ef0000, 0x09f50000)
  eden space 17216K,   0% used [0x04a00000, 0x04a00000, 0x05ad0000)
  from space 2112K,  74% used [0x05ce0000, 0x05e6b588, 0x05ef0000)
  to   space 2112K,   0% used [0x05ad0000, 0x05ad0000, 0x05ce0000)
 tenured generation   total 42756K, used 23677K [0x09f50000, 0x0c911000, 0x14a00000)
   the space 42756K,  55% used [0x09f50000, 0x0b66f6b8, 0x0b66f800, 0x0c911000)
 Metaspace       used 22881K, capacity 23809K, committed 24192K, reserved 24960K
}
Event: 937.047 GC heap before
{Heap before GC invocations=105 (full 13):
 def new generation   total 19328K, used 18797K [0x04a00000, 0x05ef0000, 0x09f50000)
  eden space 17216K, 100% used [0x04a00000, 0x05ad0000, 0x05ad0000)
  from space 2112K,  74% used [0x05ce0000, 0x05e6b588, 0x05ef0000)
  to   space 2112K,   0% used [0x05ad0000, 0x05ad0000, 0x05ce0000)
 tenured generation   total 42756K, used 23677K [0x09f50000, 0x0c911000, 0x14a00000)
   the space 42756K,  55% used [0x09f50000, 0x0b66f6b8, 0x0b66f800, 0x0c911000)
 Metaspace       used 22881K, capacity 23809K, committed 24192K, reserved 24960K
Event: 937.051 GC heap after
Heap after GC invocations=106 (full 13):
 def new generation   total 19328K, used 180K [0x04a00000, 0x05ef0000, 0x09f50000)
  eden space 17216K,   0% used [0x04a00000, 0x04a00000, 0x05ad0000)
  from space 2112K,   8% used [0x05ad0000, 0x05afd298, 0x05ce0000)
  to   space 2112K,   0% used [0x05ce0000, 0x05ce0000, 0x05ef0000)
 tenured generation   total 42756K, used 25218K [0x09f50000, 0x0c911000, 0x14a00000)
   the space 42756K,  58% used [0x09f50000, 0x0b7f0818, 0x0b7f0a00, 0x0c911000)
 Metaspace       used 22881K, capacity 23809K, committed 24192K, reserved 24960K
}
Event: 1023.917 GC heap before
{Heap before GC invocations=106 (full 13):
 def new generation   total 19328K, used 17396K [0x04a00000, 0x05ef0000, 0x09f50000)
  eden space 17216K, 100% used [0x04a00000, 0x05ad0000, 0x05ad0000)
  from space 2112K,   8% used [0x05ad0000, 0x05afd298, 0x05ce0000)
  to   space 2112K,   0% used [0x05ce0000, 0x05ce0000, 0x05ef0000)
 tenured generation   total 42756K, used 25218K [0x09f50000, 0x0c911000, 0x14a00000)
   the space 42756K,  58% used [0x09f50000, 0x0b7f0818, 0x0b7f0a00, 0x0c911000)
 Metaspace       used 22881K, capacity 23809K, committed 24192K, reserved 24960K
Event: 1023.919 GC heap after
Heap after GC invocations=107 (full 13):
 def new generation   total 19328K, used 226K [0x04a00000, 0x05ef0000, 0x09f50000)
  eden space 17216K,   0% used [0x04a00000, 0x04a00000, 0x05ad0000)
  from space 2112K,  10% used [0x05ce0000, 0x05d18bc0, 0x05ef0000)
  to   space 2112K,   0% used [0x05ad0000, 0x05ad0000, 0x05ce0000)
 tenured generation   total 42756K, used 25218K [0x09f50000, 0x0c911000, 0x14a00000)
   the space 42756K,  58% used [0x09f50000, 0x0b7f0818, 0x0b7f0a00, 0x0c911000)
 Metaspace       used 22881K, capacity 23809K, committed 24192K, reserved 24960K
}

